2025-07-23 13:00:49,260 - stock_picker - INFO - ʼӦ
2025-07-23 13:00:49,736 - stock_picker - INFO - ʼʷ
2025-07-23 13:00:49,752 - stock_picker - INFO - ɹ260ʷ
2025-07-23 13:00:49,958 - stock_picker - INFO - ɹӦ
2025-07-23 13:16:11,732 - stock_picker - INFO - ʼӦ
2025-07-23 13:16:12,253 - stock_picker - INFO - ʼʷ
2025-07-23 13:16:12,271 - stock_picker - INFO - ɹ260ʷ
2025-07-23 13:16:12,441 - stock_picker - INFO - ɹӦ
2025-07-23 22:02:34,890 - app - INFO - 初始化选股应用
2025-07-23 22:02:34,890 - app - INFO - 开始运行应用
2025-07-23 22:02:34,894 - config - INFO - 成功加载配置文件: .env.toml
2025-07-23 22:02:35,338 - app - INFO - 成功运行应用
2025-07-23 23:57:26,776 - app - INFO - 初始化选股应用
2025-07-23 23:57:26,778 - app - INFO - 开始运行应用
2025-07-23 23:57:26,780 - config - INFO - 成功加载配置文件: .env.toml
2025-07-23 23:57:27,172 - app - INFO - 成功运行应用
2025-07-24 03:26:47,270 - app - INFO - 初始化选股应用
2025-07-24 03:26:47,270 - app - INFO - 开始运行应用
2025-07-24 03:26:47,273 - config - INFO - 成功加载配置文件: .env.toml
2025-07-24 03:26:47,719 - app - INFO - 成功运行应用
2025-07-24 03:27:59,903 - app - INFO - 初始化选股应用
2025-07-24 03:27:59,905 - app - INFO - 开始运行应用
2025-07-24 03:27:59,907 - config - INFO - 成功加载配置文件: .env.toml
2025-07-24 03:28:00,522 - app - INFO - 成功运行应用
2025-07-24 03:35:29,044 - app - INFO - 初始化选股应用
2025-07-24 03:35:29,044 - app - INFO - 开始运行应用
2025-07-24 03:35:29,048 - config - INFO - 成功加载配置文件: .env.toml
2025-07-24 03:35:29,541 - app - INFO - 成功运行应用
2025-07-24 03:42:39,315 - app - INFO - 初始化选股应用
2025-07-24 03:42:39,317 - app - INFO - 开始运行应用
2025-07-24 03:42:39,321 - config - INFO - 成功加载配置文件: .env.toml
2025-07-24 03:42:39,848 - app - INFO - 成功运行应用
